<?xml version="1.0" encoding="UTF-8"?>
<!-- Generated by org.testng.reporters.JUnitReportReporter -->
<testsuite skipped="0" hostname="Yoga3" name="com.sqa.td.GameTest" tests="1" failures="0" timestamp="05 Sep 2017 19:14:58 GMT" time="0.018" errors="0">
  <testcase name="testGame" time="0.018" classname="com.sqa.td.GameTest"/>
</testsuite> <!-- com.sqa.td.GameTest -->
