<?xml version="1.0" encoding="UTF-8"?>
<!-- Generated by org.testng.reporters.JUnitReportReporter -->
<testsuite skipped="0" hostname="Yoga3" name="com.sqa.jf.JobTest" tests="1" failures="0" timestamp="05 Sep 2017 05:18:22 GMT" time="0.045" errors="0">
  <testcase name="testJobs" time="0.045" classname="com.sqa.jf.JobTest"/>
</testsuite> <!-- com.sqa.jf.JobTest -->
