<?xml version="1.0" encoding="UTF-8"?>
<!-- Generated by org.testng.reporters.JUnitReportReporter -->
<testsuite skipped="0" hostname="Yoga3" name="com.sqa.td.JobTest" tests="1" failures="0" timestamp="05 Sep 2017 04:08:03 GMT" time="0.082" errors="0">
  <testcase name="testJob" time="0.082" classname="com.sqa.td.JobTest"/>
</testsuite> <!-- com.sqa.td.JobTest -->
