<?xml version="1.0" encoding="UTF-8"?>
<!-- Generated by org.testng.reporters.JUnitReportReporter -->
<testsuite skipped="0" hostname="Yoga3" name="com.sqa.td.BugTest" tests="1" failures="0" timestamp="05 Sep 2017 02:41:45 GMT" time="0.059" errors="0">
  <testcase name="testBug" time="0.059" classname="com.sqa.td.BugTest"/>
</testsuite> <!-- com.sqa.td.BugTest -->
